This is pdfTeX, Version 3.1415926-2.5-1.40.14 (MiKTeX 2.9) (preloaded format=pdftex 2014.11.7)  22 NOV 2014 16:53
entering extended mode
**C:/Users/leutheus/Desktop/TrafficFlowOptimiziation/LaTeX-Template-V03/bibliog
raphy.bib

(C:/Users/leutheus/Desktop/TrafficFlowOptimiziation/LaTeX-Template-V03/bibliogr
aphy.bib
Overfull \hbox (4.38376pt too wide) in paragraph at lines 16--25
\tenrm 75, keywords=multi-agent sys-tems;road traf-fic;road ve-hi-cles;traffic 
en-gi-neer-ing com-put-ing;CV tech-nol-ogy;OLS|

\hbox(6.94444+1.94444)x469.75499, glue set - 1.0
.\tenrm 7
.\tenrm 5
.\tenrm ,
.\glue 3.33333 plus 2.08331 minus 0.88889
.\tenrm k
.etc.


Overfull \hbox (0.63489pt too wide) in paragraph at lines 16--25
\tenrm simulation;real-time op-ti-mal lane se-lec-tion;roadway seg-men-ta-tion;
traffic flow;traffic op-er-a-tions;uncoordinated|

\hbox(6.94444+1.94444)x469.75499, glue set - 1.0
.\tenrm s
.\tenrm i
.\tenrm m
.\kern-0.27779
.\tenrm u
.etc.


Overfull \hbox (8.4405pt too wide) in paragraph at lines 26--35
\tenrm 587, key-words=automobiles;data log-gers;driver in-for-ma-tion sys-tems;
geographic in-for-ma-tion sys-tems;parameter|

\hbox(6.94444+1.94444)x469.75499, glue set - 1.0
.\tenrm 5
.\tenrm 8
.\tenrm 7
.\tenrm ,
.\glue 3.33333 plus 2.08331 minus 0.88889
.etc.


Overfull \hbox (31.74605pt too wide) in paragraph at lines 26--35
\tenrm ma-tion;traffic light in-ter-sec-tions;vehicle en-vi-ron-ment;Data min-i
ng;Estimation;Feature ex-trac-tion;Internet;Parameter|

\hbox(6.94444+1.94444)x469.75499, glue set - 1.0
.\tenrm m
.\tenrm a
.\discretionary
..\tenrm -
.\tenrm t
.\tenrm i
.etc.


Overfull \hbox (0.32706pt too wide) in paragraph at lines 36--45
\tenrm words=intelligent trans-porta-tion sys-tems;protocols;DSRC pro-to-col;PA
RAMICS traf-fic micro-simulation soft-|

\hbox(6.94444+1.94444)x469.75499, glue set - 1.0
.\tenrm w
.\kern-0.27779
.\tenrm o
.\tenrm r
.\tenrm d
.etc.


Overfull \hbox (4.52377pt too wide) in paragraph at lines 67--77
\tenrm eval-u-a-tion;traffic de-mand vari-a-tion;turning move-ment as-sign-ment
s;Delay;Fuels;Traffic con-trol;Turning;Vehicle|

\hbox(6.94444+1.94444)x469.75499, glue set - 1.0
.\tenrm e
.\tenrm v
.\kern-0.55556
.\tenrm a
.\tenrm l
.etc.

[1{C:/Users/leutheus/AppData/Local/MiKTeX/2.9/pdftex/config/pdftex.map}]
Overfull \hbox (2.16272pt too wide) in paragraph at lines 96--105
\tenrm month=Dec, pages=1454-1459, key-words=driver in-for-ma-tion sys-tems;tra
ffic con-trol;Shanghai;graphical route|

\hbox(6.94444+1.94444)x469.75499, glue set - 1.0
.\tenrm m
.\tenrm o
.\tenrm n
.\kern-0.27779
.\tenrm t
.etc.


Overfull \hbox (40.09325pt too wide) in paragraph at lines 96--105
\tenrm net-work;Automatic con-trol;Cities and towns;Communication sys-tem traf-
fic con-trol;Displays;Gallium ni-tride;Intelligent|

\hbox(6.94444+1.94444)x469.75499, glue set - 1.0
.\tenrm n
.\tenrm e
.\discretionary replacing 2
..\tenrm t
..\tenrm -
.\tenrm t
.\kern-0.27779
.etc.


Overfull \hbox (37.69055pt too wide) in paragraph at lines 96--105
\tenrm trans-porta-tion sys-tems;Roads;Telecommunication traf-fic;Traffic con-t
rol;Voice mail, doi=10.1109/ICCA.2009.5410169, |

\hbox(7.5+2.5)x469.75499, glue set - 1.0
.\tenrm t
.\tenrm r
.\tenrm a
.\tenrm n
.\tenrm s
.etc.


Overfull \hbox (24.11992pt too wide) in paragraph at lines 106--115
\tenrm trans-porta-tion systems;real-time sys-tems;road traf-fic;Cologne;German
y;ITS;SUMO traf-fic sim-u-la-tor;city roads;city|

\hbox(6.94444+1.94444)x469.75499, glue set - 1.0
.\tenrm t
.\tenrm r
.\tenrm a
.\tenrm n
.\tenrm s
.etc.


Overfull \hbox (47.74608pt too wide) in paragraph at lines 106--115
\tenrm tion;Adaptation mod-els;Cities and towns;Data mod-els;Mathematical model
;Predictive mod-els;Roads;Vehicles;intelligent|

\hbox(6.94444+1.94444)x469.75499, glue set - 1.0
.\tenrm t
.\tenrm i
.\tenrm o
.\tenrm n
.\tenrm ;
.etc.


Overfull \hbox (38.71841pt too wide) in paragraph at lines 106--115
\tenrm trans-port system;spatio-temporal cor-re-la-tion;traffic vol-ume;urban t
raf-fic pre-dic-tion, doi=10.1109/ITST.2013.6685576, |

\hbox(7.5+2.5)x469.75499, glue set - 1.0
.\tenrm t
.\tenrm r
.\tenrm a
.\tenrm n
.\tenrm s
.etc.


Overfull \hbox (9.91264pt too wide) in paragraph at lines 116--125
\tenrm ve-hi-cle states;actuators;commercial real-time plat-form;consistent re-
plan-ning fea-ture;dynamic re-plan-ning;energy|

\hbox(6.94444+1.94444)x469.75499, glue set - 1.0
.\tenrm v
.\kern-0.27779
.\tenrm e
.\discretionary
..\tenrm -
.\tenrm h
.etc.


Overfull \hbox (2.19044pt too wide) in paragraph at lines 116--125
\tenrm ing;traffic sit-u-a-tions;vehicle ar-chi-tec-tures;velocity pro-file gen
-er-a-tion;virtual road def-i-ni-tion;Cost func-tion;Path|

\hbox(6.94444+1.94444)x469.75499, glue set - 1.0
.\tenrm i
.\tenrm n
.\tenrm g
.\tenrm ;
.\tenrm t
.etc.


Overfull \hbox (8.85703pt too wide) in paragraph at lines 126--135
\tenrm ur-ban ar-eas;earliest dead-line based sched-ulers;earliest dead-line fi
rst al-go-rithms;fixed pri-or-ity al-go-rithms;priority|

\hbox(6.94444+1.94444)x469.75499, glue set - 1.0
.\tenrm u
.\tenrm r
.\discretionary
..\tenrm -
.\tenrm b
.\tenrm a
.etc.

)
*
! Emergency stop.
<*> ...ziation/LaTeX-Template-V03/bibliography.bib
                                                  
End of file on the terminal!

!  ==> Fatal error occurred, no output PDF file produced!
